[2025-10-20 21:59:38,038] 52 root - INFO - Entered the load_object method of utils
[2025-10-20 21:59:38,812] 59 root - INFO - Exited the load_object method of utils
[2025-10-20 21:59:38,812] 52 root - INFO - Entered the load_object method of utils
[2025-10-20 21:59:38,812] 59 root - INFO - Exited the load_object method of utils
[2025-10-20 21:59:38,812] 22 root - INFO - \u2705 PredictionPipeline initialized successfully.
[2025-10-20 21:59:54,806] 55 root - INFO - Received prediction request: {'Region': 'North', 'Soil_Type': 'Sandy', 'Crop': 'Maize', 'Rainfall_mm': 42.0, 'Temperature_Celsius': 565.0, 'Fertilizer_Used': 'Yes', 'Irrigation_Used': 'Yes', 'Weather_Condition': 'Sunny', 'Days_to_Harvest': 123}
[2025-10-20 21:59:54,811] 37 root - INFO - \U0001f504 Transforming input features using preprocessor...
[2025-10-20 21:59:54,820] 40 root - INFO - \U0001f9e0 Generating predictions using trained model...
[2025-10-20 21:59:54,820] 43 root - INFO - \u2705 Predictions generated successfully. Shape: (1,)
[2025-10-20 21:59:54,821] 59 root - INFO - Prediction result: 14.173982446697872
[2025-10-20 22:00:01,519] 55 root - INFO - Received prediction request: {'Region': 'North', 'Soil_Type': 'Sandy', 'Crop': 'Maize', 'Rainfall_mm': 42.0, 'Temperature_Celsius': 1.0, 'Fertilizer_Used': 'Yes', 'Irrigation_Used': 'Yes', 'Weather_Condition': 'Sunny', 'Days_to_Harvest': 123}
[2025-10-20 22:00:01,520] 37 root - INFO - \U0001f504 Transforming input features using preprocessor...
[2025-10-20 22:00:01,526] 40 root - INFO - \U0001f9e0 Generating predictions using trained model...
[2025-10-20 22:00:01,526] 43 root - INFO - \u2705 Predictions generated successfully. Shape: (1,)
[2025-10-20 22:00:01,526] 59 root - INFO - Prediction result: 2.933101715447001
[2025-10-20 22:00:04,540] 55 root - INFO - Received prediction request: {'Region': 'North', 'Soil_Type': 'Sandy', 'Crop': 'Maize', 'Rainfall_mm': 42.0, 'Temperature_Celsius': 0.0, 'Fertilizer_Used': 'Yes', 'Irrigation_Used': 'Yes', 'Weather_Condition': 'Sunny', 'Days_to_Harvest': 123}
[2025-10-20 22:00:04,541] 37 root - INFO - \U0001f504 Transforming input features using preprocessor...
[2025-10-20 22:00:04,547] 40 root - INFO - \U0001f9e0 Generating predictions using trained model...
[2025-10-20 22:00:04,549] 43 root - INFO - \u2705 Predictions generated successfully. Shape: (1,)
[2025-10-20 22:00:04,549] 59 root - INFO - Prediction result: 2.913171075852584
[2025-10-20 22:00:08,002] 55 root - INFO - Received prediction request: {'Region': 'North', 'Soil_Type': 'Sandy', 'Crop': 'Maize', 'Rainfall_mm': 42.0, 'Temperature_Celsius': -545.0, 'Fertilizer_Used': 'Yes', 'Irrigation_Used': 'Yes', 'Weather_Condition': 'Sunny', 'Days_to_Harvest': 123}
[2025-10-20 22:00:08,004] 37 root - INFO - \U0001f504 Transforming input features using preprocessor...
[2025-10-20 22:00:08,009] 40 root - INFO - \U0001f9e0 Generating predictions using trained model...
[2025-10-20 22:00:08,010] 43 root - INFO - \u2705 Predictions generated successfully. Shape: (1,)
[2025-10-20 22:00:08,010] 59 root - INFO - Prediction result: -7.949027503104372
[2025-10-20 22:00:15,212] 55 root - INFO - Received prediction request: {'Region': 'North', 'Soil_Type': 'Sandy', 'Crop': 'Maize', 'Rainfall_mm': 42.0, 'Temperature_Celsius': 5.0, 'Fertilizer_Used': 'Yes', 'Irrigation_Used': 'Yes', 'Weather_Condition': 'Sunny', 'Days_to_Harvest': 123}
[2025-10-20 22:00:15,215] 37 root - INFO - \U0001f504 Transforming input features using preprocessor...
[2025-10-20 22:00:15,225] 40 root - INFO - \U0001f9e0 Generating predictions using trained model...
[2025-10-20 22:00:15,226] 43 root - INFO - \u2705 Predictions generated successfully. Shape: (1,)
[2025-10-20 22:00:15,226] 59 root - INFO - Prediction result: 3.012824273824666
