[2025-10-20 22:06:32,397] 52 root - INFO - Entered the load_object method of utils
[2025-10-20 22:06:33,188] 59 root - INFO - Exited the load_object method of utils
[2025-10-20 22:06:33,188] 52 root - INFO - Entered the load_object method of utils
[2025-10-20 22:06:33,189] 59 root - INFO - Exited the load_object method of utils
[2025-10-20 22:06:33,189] 22 root - INFO - \u2705 PredictionPipeline initialized successfully.
[2025-10-20 22:06:49,494] 55 root - INFO - Received prediction request: {'Region': 'North', 'Soil_Type': 'Sandy', 'Crop': 'Maize', 'Rainfall_mm': 54.0, 'Temperature_Celsius': 67.0, 'Fertilizer_Used': 'Yes', 'Irrigation_Used': 'Yes', 'Weather_Condition': 'Sunny', 'Days_to_Harvest': 64}
[2025-10-20 22:06:49,499] 37 root - INFO - \U0001f504 Transforming input features using preprocessor...
[2025-10-20 22:06:49,509] 40 root - INFO - \U0001f9e0 Generating predictions using trained model...
[2025-10-20 22:06:49,509] 43 root - INFO - \u2705 Predictions generated successfully. Shape: (1,)
[2025-10-20 22:06:49,509] 59 root - INFO - Prediction result: 4.307280882114073
[2025-10-20 22:08:48,141] 55 root - INFO - Received prediction request: {'Region': 'South', 'Soil_Type': 'Chalky', 'Crop': 'Wheat', 'Rainfall_mm': 730.379174, 'Temperature_Celsius': 31.620687, 'Fertilizer_Used': 'No', 'Irrigation_Used': 'No', 'Weather_Condition': 'Sunny', 'Days_to_Harvest': 111}
[2025-10-20 22:08:48,142] 37 root - INFO - \U0001f504 Transforming input features using preprocessor...
[2025-10-20 22:08:48,152] 40 root - INFO - \U0001f9e0 Generating predictions using trained model...
[2025-10-20 22:08:48,152] 43 root - INFO - \u2705 Predictions generated successfully. Shape: (1,)
[2025-10-20 22:08:48,152] 59 root - INFO - Prediction result: 4.28052880560879
[2025-10-20 22:08:54,686] 55 root - INFO - Received prediction request: {'Region': 'South', 'Soil_Type': 'Chalky', 'Crop': 'Wheat', 'Rainfall_mm': 730.379174, 'Temperature_Celsius': 31.620687, 'Fertilizer_Used': 'No', 'Irrigation_Used': 'No', 'Weather_Condition': 'Sunny', 'Days_to_Harvest': 111}
[2025-10-20 22:08:54,688] 37 root - INFO - \U0001f504 Transforming input features using preprocessor...
[2025-10-20 22:08:54,696] 40 root - INFO - \U0001f9e0 Generating predictions using trained model...
[2025-10-20 22:08:54,697] 43 root - INFO - \u2705 Predictions generated successfully. Shape: (1,)
[2025-10-20 22:08:54,697] 59 root - INFO - Prediction result: 4.28052880560879
[2025-10-20 22:08:57,049] 55 root - INFO - Received prediction request: {'Region': 'South', 'Soil_Type': 'Sandy', 'Crop': 'Wheat', 'Rainfall_mm': 730.379174, 'Temperature_Celsius': 31.620687, 'Fertilizer_Used': 'No', 'Irrigation_Used': 'No', 'Weather_Condition': 'Sunny', 'Days_to_Harvest': 111}
[2025-10-20 22:08:57,050] 37 root - INFO - \U0001f504 Transforming input features using preprocessor...
[2025-10-20 22:08:57,056] 40 root - INFO - \U0001f9e0 Generating predictions using trained model...
[2025-10-20 22:08:57,057] 43 root - INFO - \u2705 Predictions generated successfully. Shape: (1,)
[2025-10-20 22:08:57,057] 59 root - INFO - Prediction result: 4.2832628890437014
[2025-10-20 22:08:59,616] 55 root - INFO - Received prediction request: {'Region': 'South', 'Soil_Type': 'Loam', 'Crop': 'Wheat', 'Rainfall_mm': 730.379174, 'Temperature_Celsius': 31.620687, 'Fertilizer_Used': 'No', 'Irrigation_Used': 'No', 'Weather_Condition': 'Sunny', 'Days_to_Harvest': 111}
[2025-10-20 22:08:59,617] 37 root - INFO - \U0001f504 Transforming input features using preprocessor...
[2025-10-20 22:08:59,623] 40 root - INFO - \U0001f9e0 Generating predictions using trained model...
[2025-10-20 22:08:59,624] 43 root - INFO - \u2705 Predictions generated successfully. Shape: (1,)
[2025-10-20 22:08:59,624] 59 root - INFO - Prediction result: 4.280714531600196
