[2025-10-20 20:32:53,171] 52 root - INFO - Entered the load_object method of utils
[2025-10-20 20:32:53,986] 59 root - INFO - Exited the load_object method of utils
[2025-10-20 20:32:53,986] 52 root - INFO - Entered the load_object method of utils
[2025-10-20 20:32:53,986] 59 root - INFO - Exited the load_object method of utils
[2025-10-20 20:32:53,986] 22 root - INFO - \u2705 PredictionPipeline initialized successfully.
[2025-10-20 20:33:12,649] 55 root - INFO - Received prediction request: {'Region': 'North', 'Soil_Type': 'Sandy', 'Crop': 'Maize', 'Rainfall_mm': 500.0, 'Temperature_Celsius': 24.0, 'Fertilizer_Used': 'Yes', 'Irrigation_Used': 'Yes', 'Weather_Condition': 'Sunny', 'Days_to_Harvest': 23}
[2025-10-20 20:33:12,654] 37 root - INFO - \U0001f504 Transforming input features using preprocessor...
[2025-10-20 20:33:12,661] 40 root - INFO - \U0001f9e0 Generating predictions using trained model...
[2025-10-20 20:33:12,662] 43 root - INFO - \u2705 Predictions generated successfully. Shape: (1,)
[2025-10-20 20:33:12,662] 59 root - INFO - Prediction result: 5.677814577461156
[2025-10-20 20:34:56,503] 55 root - INFO - Received prediction request: {'Region': 'West', 'Soil_Type': 'Sandy', 'Crop': 'Cotton', 'Rainfall_mm': 897.0, 'Temperature_Celsius': 27.0, 'Fertilizer_Used': 'No', 'Irrigation_Used': 'Yes', 'Weather_Condition': 'Cloudy', 'Days_to_Harvest': 122}
[2025-10-20 20:34:56,504] 37 root - INFO - \U0001f504 Transforming input features using preprocessor...
[2025-10-20 20:34:56,511] 40 root - INFO - \U0001f9e0 Generating predictions using trained model...
[2025-10-20 20:34:56,512] 43 root - INFO - \u2705 Predictions generated successfully. Shape: (1,)
[2025-10-20 20:34:56,512] 59 root - INFO - Prediction result: 6.224203185283407
[2025-10-20 20:35:48,861] 55 root - INFO - Received prediction request: {'Region': 'West', 'Soil_Type': 'Sandy', 'Crop': 'Cotton', 'Rainfall_mm': 897.0, 'Temperature_Celsius': 27.6, 'Fertilizer_Used': 'No', 'Irrigation_Used': 'Yes', 'Weather_Condition': 'Cloudy', 'Days_to_Harvest': 122}
[2025-10-20 20:35:48,862] 37 root - INFO - \U0001f504 Transforming input features using preprocessor...
[2025-10-20 20:35:48,870] 40 root - INFO - \U0001f9e0 Generating predictions using trained model...
[2025-10-20 20:35:48,870] 43 root - INFO - \u2705 Predictions generated successfully. Shape: (1,)
[2025-10-20 20:35:48,870] 59 root - INFO - Prediction result: 6.236161569040057
[2025-10-20 20:35:50,504] 55 root - INFO - Received prediction request: {'Region': 'West', 'Soil_Type': 'Sandy', 'Crop': 'Cotton', 'Rainfall_mm': 897.0, 'Temperature_Celsius': 27.6, 'Fertilizer_Used': 'No', 'Irrigation_Used': 'Yes', 'Weather_Condition': 'Cloudy', 'Days_to_Harvest': 122}
[2025-10-20 20:35:50,506] 37 root - INFO - \U0001f504 Transforming input features using preprocessor...
[2025-10-20 20:35:50,513] 40 root - INFO - \U0001f9e0 Generating predictions using trained model...
[2025-10-20 20:35:50,513] 43 root - INFO - \u2705 Predictions generated successfully. Shape: (1,)
[2025-10-20 20:35:50,513] 59 root - INFO - Prediction result: 6.236161569040057
[2025-10-20 20:35:50,731] 55 root - INFO - Received prediction request: {'Region': 'West', 'Soil_Type': 'Sandy', 'Crop': 'Cotton', 'Rainfall_mm': 897.0, 'Temperature_Celsius': 27.6, 'Fertilizer_Used': 'No', 'Irrigation_Used': 'Yes', 'Weather_Condition': 'Cloudy', 'Days_to_Harvest': 122}
[2025-10-20 20:35:50,732] 37 root - INFO - \U0001f504 Transforming input features using preprocessor...
[2025-10-20 20:35:50,738] 40 root - INFO - \U0001f9e0 Generating predictions using trained model...
[2025-10-20 20:35:50,739] 43 root - INFO - \u2705 Predictions generated successfully. Shape: (1,)
[2025-10-20 20:35:50,739] 59 root - INFO - Prediction result: 6.236161569040057
